

Started GET "/assets/rails.png" for 127.0.0.1 at 2012-07-21 23:38:33 +0900
Served asset /rails.png - 200 OK (18ms)
  [1m[36m (0.0ms)[0m  [1mselect sqlite_version(*)[0m
  [1m[35m (110.0ms)[0m  CREATE TABLE "schema_migrations" ("version" varchar(255) NOT NULL) 
  [1m[36m (0.0ms)[0m  [1mPRAGMA index_list("schema_migrations")[0m
  [1m[35m (192.0ms)[0m  CREATE UNIQUE INDEX "unique_schema_migrations" ON "schema_migrations" ("version")
  [1m[36m (0.0ms)[0m  [1mSELECT "schema_migrations"."version" FROM "schema_migrations" [0m
Migrating to CreateUsers (20120721152953)
  [1m[35m (0.0ms)[0m  begin transaction
  [1m[36m (1.0ms)[0m  [1mCREATE TABLE "users" ("id" INTEGER PRIMARY KEY AUTOINCREMENT NOT NULL, "name" varchar(255), "email" varchar(255), "password" varchar(255), "description" varchar(255), "created_at" datetime NOT NULL, "updated_at" datetime NOT NULL) [0m
  [1m[35m (0.0ms)[0m  INSERT INTO "schema_migrations" ("version") VALUES ('20120721152953')
  [1m[36m (190.0ms)[0m  [1mcommit transaction[0m
  [1m[35m (0.0ms)[0m  select sqlite_version(*)
  [1m[36m (1.0ms)[0m  [1mSELECT "schema_migrations"."version" FROM "schema_migrations" [0m
  [1m[35m (0.0ms)[0m  PRAGMA index_list("users")
  [1m[36m (0.0ms)[0m  [1mSELECT "schema_migrations"."version" FROM "schema_migrations" [0m
Migrating to CreateUsers (20120721152953)
Migrating to RemovePasswordFromUsers (20120722143207)
  [1m[35m (0.0ms)[0m  select sqlite_version(*)
  [1m[36m (0.0ms)[0m  [1mbegin transaction[0m
  [1m[35m (1.0ms)[0m  CREATE TEMPORARY TABLE "altered_users" ("id" INTEGER PRIMARY KEY AUTOINCREMENT NOT NULL, "name" varchar(255), "email" varchar(255), "password" varchar(255), "description" varchar(255), "created_at" datetime NOT NULL, "updated_at" datetime NOT NULL) 
  [1m[36m (0.0ms)[0m  [1mPRAGMA index_list("users")[0m
  [1m[35m (0.0ms)[0m  SELECT * FROM "users"
  [1m[36m (1.0ms)[0m  [1mDROP TABLE "users"[0m
  [1m[35m (0.0ms)[0m  CREATE TABLE "users" ("id" INTEGER PRIMARY KEY AUTOINCREMENT NOT NULL, "name" varchar(255), "email" varchar(255), "description" varchar(255), "created_at" datetime NOT NULL, "updated_at" datetime NOT NULL) 
  [1m[36m (0.0ms)[0m  [1mPRAGMA index_list("altered_users")[0m
  [1m[35m (0.0ms)[0m  SELECT * FROM "altered_users"
  [1m[36m (1.0ms)[0m  [1mDROP TABLE "altered_users"[0m
  [1m[35m (1.0ms)[0m  INSERT INTO "schema_migrations" ("version") VALUES ('20120722143207')
  [1m[36m (99.0ms)[0m  [1mcommit transaction[0m
  [1m[35m (1.0ms)[0m  select sqlite_version(*)
  [1m[36m (0.0ms)[0m  [1mSELECT "schema_migrations"."version" FROM "schema_migrations" [0m
  [1m[35m (0.0ms)[0m  PRAGMA index_list("users")
  [1m[36m (0.0ms)[0m  [1mSELECT "schema_migrations"."version" FROM "schema_migrations" [0m
Migrating to CreateUsers (20120721152953)
Migrating to RemovePasswordFromUsers (20120722143207)
Migrating to AddPasswordDigestToUsers (20120722143539)
  [1m[35m (0.0ms)[0m  select sqlite_version(*)
  [1m[36m (0.0ms)[0m  [1mbegin transaction[0m
  [1m[35m (0.0ms)[0m  ALTER TABLE "users" ADD "password_digest" varchar(255)
  [1m[36m (0.0ms)[0m  [1mINSERT INTO "schema_migrations" ("version") VALUES ('20120722143539')[0m
  [1m[35m (60.0ms)[0m  commit transaction
  [1m[36m (0.0ms)[0m  [1mselect sqlite_version(*)[0m
  [1m[35m (0.0ms)[0m  SELECT "schema_migrations"."version" FROM "schema_migrations" 
  [1m[36m (0.0ms)[0m  [1mPRAGMA index_list("users")[0m


Started GET "/assets/rails.png" for 127.0.0.1 at 2012-07-23 01:10:47 +0900
Served asset /rails.png - 304 Not Modified (12ms)


Started GET "/user/list" for 127.0.0.1 at 2012-07-23 01:10:55 +0900

ActionController::RoutingError (No route matches [GET] "/user/list"):
  actionpack (3.2.1) lib/action_dispatch/middleware/debug_exceptions.rb:21:in `call'
  actionpack (3.2.1) lib/action_dispatch/middleware/show_exceptions.rb:56:in `call'
  railties (3.2.1) lib/rails/rack/logger.rb:26:in `call_app'
  railties (3.2.1) lib/rails/rack/logger.rb:16:in `call'
  actionpack (3.2.1) lib/action_dispatch/middleware/request_id.rb:22:in `call'
  rack (1.4.1) lib/rack/methodoverride.rb:21:in `call'
  rack (1.4.1) lib/rack/runtime.rb:17:in `call'
  activesupport (3.2.1) lib/active_support/cache/strategy/local_cache.rb:72:in `call'
  rack (1.4.1) lib/rack/lock.rb:15:in `call'
  actionpack (3.2.1) lib/action_dispatch/middleware/static.rb:53:in `call'
  railties (3.2.1) lib/rails/engine.rb:479:in `call'
  railties (3.2.1) lib/rails/application.rb:220:in `call'
  rack (1.4.1) lib/rack/content_length.rb:14:in `call'
  railties (3.2.1) lib/rails/rack/log_tailer.rb:14:in `call'
  rack (1.4.1) lib/rack/handler/webrick.rb:59:in `service'
  C:/RailsInstaller/Ruby1.9.3/lib/ruby/1.9.1/webrick/httpserver.rb:138:in `service'
  C:/RailsInstaller/Ruby1.9.3/lib/ruby/1.9.1/webrick/httpserver.rb:94:in `run'
  C:/RailsInstaller/Ruby1.9.3/lib/ruby/1.9.1/webrick/server.rb:191:in `block in start_thread'


  Rendered C:/RailsInstaller/Ruby1.9.3/lib/ruby/gems/1.9.1/gems/actionpack-3.2.1/lib/action_dispatch/middleware/templates/rescues/routing_error.erb within rescues/layout (36.0ms)


Started GET "/users/list" for 127.0.0.1 at 2012-07-23 01:11:08 +0900

AbstractController::ActionNotFound (The action 'show' could not be found for UsersController):
  actionpack (3.2.1) lib/abstract_controller/base.rb:116:in `process'
  actionpack (3.2.1) lib/abstract_controller/rendering.rb:45:in `process'
  actionpack (3.2.1) lib/action_controller/metal.rb:203:in `dispatch'
  actionpack (3.2.1) lib/action_controller/metal/rack_delegation.rb:14:in `dispatch'
  actionpack (3.2.1) lib/action_controller/metal.rb:246:in `block in action'
  actionpack (3.2.1) lib/action_dispatch/routing/route_set.rb:66:in `call'
  actionpack (3.2.1) lib/action_dispatch/routing/route_set.rb:66:in `dispatch'
  actionpack (3.2.1) lib/action_dispatch/routing/route_set.rb:30:in `call'
  journey (1.0.4) lib/journey/router.rb:68:in `block in call'
  journey (1.0.4) lib/journey/router.rb:56:in `each'
  journey (1.0.4) lib/journey/router.rb:56:in `call'
  actionpack (3.2.1) lib/action_dispatch/routing/route_set.rb:589:in `call'
  actionpack (3.2.1) lib/action_dispatch/middleware/best_standards_support.rb:17:in `call'
  rack (1.4.1) lib/rack/etag.rb:23:in `call'
  rack (1.4.1) lib/rack/conditionalget.rb:25:in `call'
  actionpack (3.2.1) lib/action_dispatch/middleware/head.rb:14:in `call'
  actionpack (3.2.1) lib/action_dispatch/middleware/params_parser.rb:21:in `call'
  actionpack (3.2.1) lib/action_dispatch/middleware/flash.rb:242:in `call'
  rack (1.4.1) lib/rack/session/abstract/id.rb:205:in `context'
  rack (1.4.1) lib/rack/session/abstract/id.rb:200:in `call'
  actionpack (3.2.1) lib/action_dispatch/middleware/cookies.rb:338:in `call'
  activerecord (3.2.1) lib/active_record/query_cache.rb:64:in `call'
  activerecord (3.2.1) lib/active_record/connection_adapters/abstract/connection_pool.rb:443:in `call'
  actionpack (3.2.1) lib/action_dispatch/middleware/callbacks.rb:28:in `block in call'
  activesupport (3.2.1) lib/active_support/callbacks.rb:405:in `_run__829609869__call__155663865__callbacks'
  activesupport (3.2.1) lib/active_support/callbacks.rb:405:in `__run_callback'
  activesupport (3.2.1) lib/active_support/callbacks.rb:385:in `_run_call_callbacks'
  activesupport (3.2.1) lib/active_support/callbacks.rb:81:in `run_callbacks'
  actionpack (3.2.1) lib/action_dispatch/middleware/callbacks.rb:27:in `call'
  actionpack (3.2.1) lib/action_dispatch/middleware/reloader.rb:65:in `call'
  actionpack (3.2.1) lib/action_dispatch/middleware/remote_ip.rb:31:in `call'
  actionpack (3.2.1) lib/action_dispatch/middleware/debug_exceptions.rb:16:in `call'
  actionpack (3.2.1) lib/action_dispatch/middleware/show_exceptions.rb:56:in `call'
  railties (3.2.1) lib/rails/rack/logger.rb:26:in `call_app'
  railties (3.2.1) lib/rails/rack/logger.rb:16:in `call'
  actionpack (3.2.1) lib/action_dispatch/middleware/request_id.rb:22:in `call'
  rack (1.4.1) lib/rack/methodoverride.rb:21:in `call'
  rack (1.4.1) lib/rack/runtime.rb:17:in `call'
  activesupport (3.2.1) lib/active_support/cache/strategy/local_cache.rb:72:in `call'
  rack (1.4.1) lib/rack/lock.rb:15:in `call'
  actionpack (3.2.1) lib/action_dispatch/middleware/static.rb:53:in `call'
  railties (3.2.1) lib/rails/engine.rb:479:in `call'
  railties (3.2.1) lib/rails/application.rb:220:in `call'
  rack (1.4.1) lib/rack/content_length.rb:14:in `call'
  railties (3.2.1) lib/rails/rack/log_tailer.rb:14:in `call'
  rack (1.4.1) lib/rack/handler/webrick.rb:59:in `service'
  C:/RailsInstaller/Ruby1.9.3/lib/ruby/1.9.1/webrick/httpserver.rb:138:in `service'
  C:/RailsInstaller/Ruby1.9.3/lib/ruby/1.9.1/webrick/httpserver.rb:94:in `run'
  C:/RailsInstaller/Ruby1.9.3/lib/ruby/1.9.1/webrick/server.rb:191:in `block in start_thread'


  Rendered C:/RailsInstaller/Ruby1.9.3/lib/ruby/gems/1.9.1/gems/actionpack-3.2.1/lib/action_dispatch/middleware/templates/rescues/unknown_action.erb within rescues/layout (1.0ms)


Started GET "/users/list" for 127.0.0.1 at 2012-07-23 01:12:34 +0900

AbstractController::ActionNotFound (The action 'show' could not be found for UsersController):
  actionpack (3.2.1) lib/abstract_controller/base.rb:116:in `process'
  actionpack (3.2.1) lib/abstract_controller/rendering.rb:45:in `process'
  actionpack (3.2.1) lib/action_controller/metal.rb:203:in `dispatch'
  actionpack (3.2.1) lib/action_controller/metal/rack_delegation.rb:14:in `dispatch'
  actionpack (3.2.1) lib/action_controller/metal.rb:246:in `block in action'
  actionpack (3.2.1) lib/action_dispatch/routing/route_set.rb:66:in `call'
  actionpack (3.2.1) lib/action_dispatch/routing/route_set.rb:66:in `dispatch'
  actionpack (3.2.1) lib/action_dispatch/routing/route_set.rb:30:in `call'
  journey (1.0.4) lib/journey/router.rb:68:in `block in call'
  journey (1.0.4) lib/journey/router.rb:56:in `each'
  journey (1.0.4) lib/journey/router.rb:56:in `call'
  actionpack (3.2.1) lib/action_dispatch/routing/route_set.rb:589:in `call'
  actionpack (3.2.1) lib/action_dispatch/middleware/best_standards_support.rb:17:in `call'
  rack (1.4.1) lib/rack/etag.rb:23:in `call'
  rack (1.4.1) lib/rack/conditionalget.rb:25:in `call'
  actionpack (3.2.1) lib/action_dispatch/middleware/head.rb:14:in `call'
  actionpack (3.2.1) lib/action_dispatch/middleware/params_parser.rb:21:in `call'
  actionpack (3.2.1) lib/action_dispatch/middleware/flash.rb:242:in `call'
  rack (1.4.1) lib/rack/session/abstract/id.rb:205:in `context'
  rack (1.4.1) lib/rack/session/abstract/id.rb:200:in `call'
  actionpack (3.2.1) lib/action_dispatch/middleware/cookies.rb:338:in `call'
  activerecord (3.2.1) lib/active_record/query_cache.rb:64:in `call'
  activerecord (3.2.1) lib/active_record/connection_adapters/abstract/connection_pool.rb:443:in `call'
  actionpack (3.2.1) lib/action_dispatch/middleware/callbacks.rb:28:in `block in call'
  activesupport (3.2.1) lib/active_support/callbacks.rb:405:in `_run__829609869__call__155663865__callbacks'
  activesupport (3.2.1) lib/active_support/callbacks.rb:405:in `__run_callback'
  activesupport (3.2.1) lib/active_support/callbacks.rb:385:in `_run_call_callbacks'
  activesupport (3.2.1) lib/active_support/callbacks.rb:81:in `run_callbacks'
  actionpack (3.2.1) lib/action_dispatch/middleware/callbacks.rb:27:in `call'
  actionpack (3.2.1) lib/action_dispatch/middleware/reloader.rb:65:in `call'
  actionpack (3.2.1) lib/action_dispatch/middleware/remote_ip.rb:31:in `call'
  actionpack (3.2.1) lib/action_dispatch/middleware/debug_exceptions.rb:16:in `call'
  actionpack (3.2.1) lib/action_dispatch/middleware/show_exceptions.rb:56:in `call'
  railties (3.2.1) lib/rails/rack/logger.rb:26:in `call_app'
  railties (3.2.1) lib/rails/rack/logger.rb:16:in `call'
  actionpack (3.2.1) lib/action_dispatch/middleware/request_id.rb:22:in `call'
  rack (1.4.1) lib/rack/methodoverride.rb:21:in `call'
  rack (1.4.1) lib/rack/runtime.rb:17:in `call'
  activesupport (3.2.1) lib/active_support/cache/strategy/local_cache.rb:72:in `call'
  rack (1.4.1) lib/rack/lock.rb:15:in `call'
  actionpack (3.2.1) lib/action_dispatch/middleware/static.rb:53:in `call'
  railties (3.2.1) lib/rails/engine.rb:479:in `call'
  railties (3.2.1) lib/rails/application.rb:220:in `call'
  rack (1.4.1) lib/rack/content_length.rb:14:in `call'
  railties (3.2.1) lib/rails/rack/log_tailer.rb:14:in `call'
  rack (1.4.1) lib/rack/handler/webrick.rb:59:in `service'
  C:/RailsInstaller/Ruby1.9.3/lib/ruby/1.9.1/webrick/httpserver.rb:138:in `service'
  C:/RailsInstaller/Ruby1.9.3/lib/ruby/1.9.1/webrick/httpserver.rb:94:in `run'
  C:/RailsInstaller/Ruby1.9.3/lib/ruby/1.9.1/webrick/server.rb:191:in `block in start_thread'


  Rendered C:/RailsInstaller/Ruby1.9.3/lib/ruby/gems/1.9.1/gems/actionpack-3.2.1/lib/action_dispatch/middleware/templates/rescues/unknown_action.erb within rescues/layout (0.0ms)


Started GET "/users/list" for 127.0.0.1 at 2012-07-23 01:12:36 +0900

AbstractController::ActionNotFound (The action 'show' could not be found for UsersController):
  actionpack (3.2.1) lib/abstract_controller/base.rb:116:in `process'
  actionpack (3.2.1) lib/abstract_controller/rendering.rb:45:in `process'
  actionpack (3.2.1) lib/action_controller/metal.rb:203:in `dispatch'
  actionpack (3.2.1) lib/action_controller/metal/rack_delegation.rb:14:in `dispatch'
  actionpack (3.2.1) lib/action_controller/metal.rb:246:in `block in action'
  actionpack (3.2.1) lib/action_dispatch/routing/route_set.rb:66:in `call'
  actionpack (3.2.1) lib/action_dispatch/routing/route_set.rb:66:in `dispatch'
  actionpack (3.2.1) lib/action_dispatch/routing/route_set.rb:30:in `call'
  journey (1.0.4) lib/journey/router.rb:68:in `block in call'
  journey (1.0.4) lib/journey/router.rb:56:in `each'
  journey (1.0.4) lib/journey/router.rb:56:in `call'
  actionpack (3.2.1) lib/action_dispatch/routing/route_set.rb:589:in `call'
  actionpack (3.2.1) lib/action_dispatch/middleware/best_standards_support.rb:17:in `call'
  rack (1.4.1) lib/rack/etag.rb:23:in `call'
  rack (1.4.1) lib/rack/conditionalget.rb:25:in `call'
  actionpack (3.2.1) lib/action_dispatch/middleware/head.rb:14:in `call'
  actionpack (3.2.1) lib/action_dispatch/middleware/params_parser.rb:21:in `call'
  actionpack (3.2.1) lib/action_dispatch/middleware/flash.rb:242:in `call'
  rack (1.4.1) lib/rack/session/abstract/id.rb:205:in `context'
  rack (1.4.1) lib/rack/session/abstract/id.rb:200:in `call'
  actionpack (3.2.1) lib/action_dispatch/middleware/cookies.rb:338:in `call'
  activerecord (3.2.1) lib/active_record/query_cache.rb:64:in `call'
  activerecord (3.2.1) lib/active_record/connection_adapters/abstract/connection_pool.rb:443:in `call'
  actionpack (3.2.1) lib/action_dispatch/middleware/callbacks.rb:28:in `block in call'
  activesupport (3.2.1) lib/active_support/callbacks.rb:405:in `_run__829609869__call__155663865__callbacks'
  activesupport (3.2.1) lib/active_support/callbacks.rb:405:in `__run_callback'
  activesupport (3.2.1) lib/active_support/callbacks.rb:385:in `_run_call_callbacks'
  activesupport (3.2.1) lib/active_support/callbacks.rb:81:in `run_callbacks'
  actionpack (3.2.1) lib/action_dispatch/middleware/callbacks.rb:27:in `call'
  actionpack (3.2.1) lib/action_dispatch/middleware/reloader.rb:65:in `call'
  actionpack (3.2.1) lib/action_dispatch/middleware/remote_ip.rb:31:in `call'
  actionpack (3.2.1) lib/action_dispatch/middleware/debug_exceptions.rb:16:in `call'
  actionpack (3.2.1) lib/action_dispatch/middleware/show_exceptions.rb:56:in `call'
  railties (3.2.1) lib/rails/rack/logger.rb:26:in `call_app'
  railties (3.2.1) lib/rails/rack/logger.rb:16:in `call'
  actionpack (3.2.1) lib/action_dispatch/middleware/request_id.rb:22:in `call'
  rack (1.4.1) lib/rack/methodoverride.rb:21:in `call'
  rack (1.4.1) lib/rack/runtime.rb:17:in `call'
  activesupport (3.2.1) lib/active_support/cache/strategy/local_cache.rb:72:in `call'
  rack (1.4.1) lib/rack/lock.rb:15:in `call'
  actionpack (3.2.1) lib/action_dispatch/middleware/static.rb:53:in `call'
  railties (3.2.1) lib/rails/engine.rb:479:in `call'
  railties (3.2.1) lib/rails/application.rb:220:in `call'
  rack (1.4.1) lib/rack/content_length.rb:14:in `call'
  railties (3.2.1) lib/rails/rack/log_tailer.rb:14:in `call'
  rack (1.4.1) lib/rack/handler/webrick.rb:59:in `service'
  C:/RailsInstaller/Ruby1.9.3/lib/ruby/1.9.1/webrick/httpserver.rb:138:in `service'
  C:/RailsInstaller/Ruby1.9.3/lib/ruby/1.9.1/webrick/httpserver.rb:94:in `run'
  C:/RailsInstaller/Ruby1.9.3/lib/ruby/1.9.1/webrick/server.rb:191:in `block in start_thread'


  Rendered C:/RailsInstaller/Ruby1.9.3/lib/ruby/gems/1.9.1/gems/actionpack-3.2.1/lib/action_dispatch/middleware/templates/rescues/unknown_action.erb within rescues/layout (0.0ms)


Started GET "/users/list" for 127.0.0.1 at 2012-07-23 01:13:58 +0900
Processing by UsersController#show as HTML
  Parameters: {"id"=>"list"}
  [1m[36mUser Load (1.0ms)[0m  [1mSELECT "users".* FROM "users" WHERE "users"."id" = ? LIMIT 1[0m  [["id", "list"]]
Completed 500 Internal Server Error in 163ms

ActiveRecord::RecordNotFound (Couldn't find User with id=list):
  app/controllers/users_controller.rb:4:in `show'


  Rendered C:/RailsInstaller/Ruby1.9.3/lib/ruby/gems/1.9.1/gems/actionpack-3.2.1/lib/action_dispatch/middleware/templates/rescues/_trace.erb (2.0ms)
  Rendered C:/RailsInstaller/Ruby1.9.3/lib/ruby/gems/1.9.1/gems/actionpack-3.2.1/lib/action_dispatch/middleware/templates/rescues/_request_and_response.erb (1.0ms)
  Rendered C:/RailsInstaller/Ruby1.9.3/lib/ruby/gems/1.9.1/gems/actionpack-3.2.1/lib/action_dispatch/middleware/templates/rescues/diagnostics.erb within rescues/layout (17.0ms)


Started GET "/users/1" for 127.0.0.1 at 2012-07-23 01:14:09 +0900
Processing by UsersController#show as HTML
  Parameters: {"id"=>"1"}
  [1m[35mUser Load (0.0ms)[0m  SELECT "users".* FROM "users" WHERE "users"."id" = ? LIMIT 1  [["id", "1"]]
Completed 500 Internal Server Error in 94ms

ActionView::MissingTemplate (Missing template users/show, application/show with {:locale=>[:en], :formats=>[:html], :handlers=>[:erb, :builder, :coffee]}. Searched in:
  * "C:/Users/wooram/IdeaProjects/mozldev/app/views"
):
  actionpack (3.2.1) lib/action_view/path_set.rb:58:in `find'
  actionpack (3.2.1) lib/action_view/lookup_context.rb:109:in `find'
  C:in `find_template'
  actionpack (3.2.1) lib/action_view/renderer/template_renderer.rb:28:in `determine_template'
  actionpack (3.2.1) lib/action_view/renderer/template_renderer.rb:10:in `render'
  actionpack (3.2.1) lib/action_view/renderer/renderer.rb:36:in `render_template'
  actionpack (3.2.1) lib/action_view/renderer/renderer.rb:17:in `render'
  actionpack (3.2.1) lib/abstract_controller/rendering.rb:109:in `_render_template'
  actionpack (3.2.1) lib/action_controller/metal/streaming.rb:225:in `_render_template'
  actionpack (3.2.1) lib/abstract_controller/rendering.rb:103:in `render_to_body'
  actionpack (3.2.1) lib/action_controller/metal/renderers.rb:28:in `render_to_body'
  actionpack (3.2.1) lib/action_controller/metal/compatibility.rb:50:in `render_to_body'
  actionpack (3.2.1) lib/abstract_controller/rendering.rb:88:in `render'
  actionpack (3.2.1) lib/action_controller/metal/rendering.rb:16:in `render'
  actionpack (3.2.1) lib/action_controller/metal/instrumentation.rb:40:in `block (2 levels) in render'
  activesupport (3.2.1) lib/active_support/core_ext/benchmark.rb:5:in `block in ms'
  C:/RailsInstaller/Ruby1.9.3/lib/ruby/1.9.1/benchmark.rb:295:in `realtime'
  activesupport (3.2.1) lib/active_support/core_ext/benchmark.rb:5:in `ms'
  actionpack (3.2.1) lib/action_controller/metal/instrumentation.rb:40:in `block in render'
  actionpack (3.2.1) lib/action_controller/metal/instrumentation.rb:83:in `cleanup_view_runtime'
  activerecord (3.2.1) lib/active_record/railties/controller_runtime.rb:24:in `cleanup_view_runtime'
  actionpack (3.2.1) lib/action_controller/metal/instrumentation.rb:39:in `render'
  actionpack (3.2.1) lib/action_controller/metal/implicit_render.rb:10:in `default_render'
  actionpack (3.2.1) lib/action_controller/metal/implicit_render.rb:5:in `send_action'
  actionpack (3.2.1) lib/abstract_controller/base.rb:167:in `process_action'
  actionpack (3.2.1) lib/action_controller/metal/rendering.rb:10:in `process_action'
  actionpack (3.2.1) lib/abstract_controller/callbacks.rb:18:in `block in process_action'
  activesupport (3.2.1) lib/active_support/callbacks.rb:414:in `_run__80798645__process_action__55656085__callbacks'
  activesupport (3.2.1) lib/active_support/callbacks.rb:405:in `__run_callback'
  activesupport (3.2.1) lib/active_support/callbacks.rb:385:in `_run_process_action_callbacks'
  activesupport (3.2.1) lib/active_support/callbacks.rb:81:in `run_callbacks'
  actionpack (3.2.1) lib/abstract_controller/callbacks.rb:17:in `process_action'
  actionpack (3.2.1) lib/action_controller/metal/rescue.rb:29:in `process_action'
  actionpack (3.2.1) lib/action_controller/metal/instrumentation.rb:30:in `block in process_action'
  activesupport (3.2.1) lib/active_support/notifications.rb:123:in `block in instrument'
  activesupport (3.2.1) lib/active_support/notifications/instrumenter.rb:20:in `instrument'
  activesupport (3.2.1) lib/active_support/notifications.rb:123:in `instrument'
  actionpack (3.2.1) lib/action_controller/metal/instrumentation.rb:29:in `process_action'
  actionpack (3.2.1) lib/action_controller/metal/params_wrapper.rb:205:in `process_action'
  activerecord (3.2.1) lib/active_record/railties/controller_runtime.rb:18:in `process_action'
  actionpack (3.2.1) lib/abstract_controller/base.rb:121:in `process'
  actionpack (3.2.1) lib/abstract_controller/rendering.rb:45:in `process'
  actionpack (3.2.1) lib/action_controller/metal.rb:203:in `dispatch'
  actionpack (3.2.1) lib/action_controller/metal/rack_delegation.rb:14:in `dispatch'
  actionpack (3.2.1) lib/action_controller/metal.rb:246:in `block in action'
  actionpack (3.2.1) lib/action_dispatch/routing/route_set.rb:66:in `call'
  actionpack (3.2.1) lib/action_dispatch/routing/route_set.rb:66:in `dispatch'
  actionpack (3.2.1) lib/action_dispatch/routing/route_set.rb:30:in `call'
  journey (1.0.4) lib/journey/router.rb:68:in `block in call'
  journey (1.0.4) lib/journey/router.rb:56:in `each'
  journey (1.0.4) lib/journey/router.rb:56:in `call'
  actionpack (3.2.1) lib/action_dispatch/routing/route_set.rb:589:in `call'
  actionpack (3.2.1) lib/action_dispatch/middleware/best_standards_support.rb:17:in `call'
  rack (1.4.1) lib/rack/etag.rb:23:in `call'
  rack (1.4.1) lib/rack/conditionalget.rb:25:in `call'
  actionpack (3.2.1) lib/action_dispatch/middleware/head.rb:14:in `call'
  actionpack (3.2.1) lib/action_dispatch/middleware/params_parser.rb:21:in `call'
  actionpack (3.2.1) lib/action_dispatch/middleware/flash.rb:242:in `call'
  rack (1.4.1) lib/rack/session/abstract/id.rb:205:in `context'
  rack (1.4.1) lib/rack/session/abstract/id.rb:200:in `call'
  actionpack (3.2.1) lib/action_dispatch/middleware/cookies.rb:338:in `call'
  activerecord (3.2.1) lib/active_record/query_cache.rb:64:in `call'
  activerecord (3.2.1) lib/active_record/connection_adapters/abstract/connection_pool.rb:443:in `call'
  actionpack (3.2.1) lib/action_dispatch/middleware/callbacks.rb:28:in `block in call'
  activesupport (3.2.1) lib/active_support/callbacks.rb:405:in `_run__829609869__call__155663865__callbacks'
  activesupport (3.2.1) lib/active_support/callbacks.rb:405:in `__run_callback'
  activesupport (3.2.1) lib/active_support/callbacks.rb:385:in `_run_call_callbacks'
  activesupport (3.2.1) lib/active_support/callbacks.rb:81:in `run_callbacks'
  actionpack (3.2.1) lib/action_dispatch/middleware/callbacks.rb:27:in `call'
  actionpack (3.2.1) lib/action_dispatch/middleware/reloader.rb:65:in `call'
  actionpack (3.2.1) lib/action_dispatch/middleware/remote_ip.rb:31:in `call'
  actionpack (3.2.1) lib/action_dispatch/middleware/debug_exceptions.rb:16:in `call'
  actionpack (3.2.1) lib/action_dispatch/middleware/show_exceptions.rb:56:in `call'
  railties (3.2.1) lib/rails/rack/logger.rb:26:in `call_app'
  railties (3.2.1) lib/rails/rack/logger.rb:16:in `call'
  actionpack (3.2.1) lib/action_dispatch/middleware/request_id.rb:22:in `call'
  rack (1.4.1) lib/rack/methodoverride.rb:21:in `call'
  rack (1.4.1) lib/rack/runtime.rb:17:in `call'
  activesupport (3.2.1) lib/active_support/cache/strategy/local_cache.rb:72:in `call'
  rack (1.4.1) lib/rack/lock.rb:15:in `call'
  actionpack (3.2.1) lib/action_dispatch/middleware/static.rb:53:in `call'
  railties (3.2.1) lib/rails/engine.rb:479:in `call'
  railties (3.2.1) lib/rails/application.rb:220:in `call'
  rack (1.4.1) lib/rack/content_length.rb:14:in `call'
  railties (3.2.1) lib/rails/rack/log_tailer.rb:14:in `call'
  rack (1.4.1) lib/rack/handler/webrick.rb:59:in `service'
  C:/RailsInstaller/Ruby1.9.3/lib/ruby/1.9.1/webrick/httpserver.rb:138:in `service'
  C:/RailsInstaller/Ruby1.9.3/lib/ruby/1.9.1/webrick/httpserver.rb:94:in `run'
  C:/RailsInstaller/Ruby1.9.3/lib/ruby/1.9.1/webrick/server.rb:191:in `block in start_thread'


  Rendered C:/RailsInstaller/Ruby1.9.3/lib/ruby/gems/1.9.1/gems/actionpack-3.2.1/lib/action_dispatch/middleware/templates/rescues/missing_template.erb within rescues/layout (0.0ms)


Started GET "/users/1" for 127.0.0.1 at 2012-07-23 01:14:48 +0900
Processing by UsersController#show as HTML
  Parameters: {"id"=>"1"}
  [1m[36mUser Load (0.0ms)[0m  [1mSELECT "users".* FROM "users" WHERE "users"."id" = ? LIMIT 1[0m  [["id", "1"]]
Completed 406 Not Acceptable in 6ms (ActiveRecord: 0.0ms)


Started GET "/users/1" for 127.0.0.1 at 2012-07-23 01:14:53 +0900
Processing by UsersController#show as HTML
  Parameters: {"id"=>"1"}
  [1m[35mUser Load (0.0ms)[0m  SELECT "users".* FROM "users" WHERE "users"."id" = ? LIMIT 1  [["id", "1"]]
Completed 406 Not Acceptable in 1ms (ActiveRecord: 0.0ms)


Started GET "/users/1" for 127.0.0.1 at 2012-07-23 01:15:08 +0900
Processing by UsersController#show as HTML
  Parameters: {"id"=>"1"}
  [1m[36mUser Load (0.0ms)[0m  [1mSELECT "users".* FROM "users" WHERE "users"."id" = ? LIMIT 1[0m  [["id", "1"]]
Completed 406 Not Acceptable in 1ms (ActiveRecord: 0.0ms)


Started GET "/users/1" for 127.0.0.1 at 2012-07-23 01:16:24 +0900
Processing by UsersController#show as HTML
  Parameters: {"id"=>"1"}
  [1m[35mUser Load (0.0ms)[0m  SELECT "users".* FROM "users" WHERE "users"."id" = ? LIMIT 1  [["id", "1"]]
Completed 406 Not Acceptable in 1ms (ActiveRecord: 0.0ms)


Started GET "/users/1" for 127.0.0.1 at 2012-07-23 01:16:25 +0900
Processing by UsersController#show as HTML
  Parameters: {"id"=>"1"}
  [1m[36mUser Load (0.0ms)[0m  [1mSELECT "users".* FROM "users" WHERE "users"."id" = ? LIMIT 1[0m  [["id", "1"]]
Completed 406 Not Acceptable in 1ms (ActiveRecord: 0.0ms)


Started GET "/users/1" for 127.0.0.1 at 2012-07-23 01:16:27 +0900
Processing by UsersController#show as HTML
  Parameters: {"id"=>"1"}
  [1m[35mUser Load (0.0ms)[0m  SELECT "users".* FROM "users" WHERE "users"."id" = ? LIMIT 1  [["id", "1"]]
Completed 406 Not Acceptable in 1ms (ActiveRecord: 0.0ms)


Started GET "/users/1" for 127.0.0.1 at 2012-07-23 01:16:36 +0900
Processing by UsersController#show as HTML
  Parameters: {"id"=>"1"}
  [1m[36mUser Load (1.0ms)[0m  [1mSELECT "users".* FROM "users" WHERE "users"."id" = ? LIMIT 1[0m  [["id", "1"]]
Completed 406 Not Acceptable in 1ms (ActiveRecord: 1.0ms)


Started GET "/users/" for 127.0.0.1 at 2012-07-23 01:16:39 +0900

AbstractController::ActionNotFound (The action 'index' could not be found for UsersController):
  actionpack (3.2.1) lib/abstract_controller/base.rb:116:in `process'
  actionpack (3.2.1) lib/abstract_controller/rendering.rb:45:in `process'
  actionpack (3.2.1) lib/action_controller/metal.rb:203:in `dispatch'
  actionpack (3.2.1) lib/action_controller/metal/rack_delegation.rb:14:in `dispatch'
  actionpack (3.2.1) lib/action_controller/metal.rb:246:in `block in action'
  actionpack (3.2.1) lib/action_dispatch/routing/route_set.rb:66:in `call'
  actionpack (3.2.1) lib/action_dispatch/routing/route_set.rb:66:in `dispatch'
  actionpack (3.2.1) lib/action_dispatch/routing/route_set.rb:30:in `call'
  journey (1.0.4) lib/journey/router.rb:68:in `block in call'
  journey (1.0.4) lib/journey/router.rb:56:in `each'
  journey (1.0.4) lib/journey/router.rb:56:in `call'
  actionpack (3.2.1) lib/action_dispatch/routing/route_set.rb:589:in `call'
  actionpack (3.2.1) lib/action_dispatch/middleware/best_standards_support.rb:17:in `call'
  rack (1.4.1) lib/rack/etag.rb:23:in `call'
  rack (1.4.1) lib/rack/conditionalget.rb:25:in `call'
  actionpack (3.2.1) lib/action_dispatch/middleware/head.rb:14:in `call'
  actionpack (3.2.1) lib/action_dispatch/middleware/params_parser.rb:21:in `call'
  actionpack (3.2.1) lib/action_dispatch/middleware/flash.rb:242:in `call'
  rack (1.4.1) lib/rack/session/abstract/id.rb:205:in `context'
  rack (1.4.1) lib/rack/session/abstract/id.rb:200:in `call'
  actionpack (3.2.1) lib/action_dispatch/middleware/cookies.rb:338:in `call'
  activerecord (3.2.1) lib/active_record/query_cache.rb:64:in `call'
  activerecord (3.2.1) lib/active_record/connection_adapters/abstract/connection_pool.rb:443:in `call'
  actionpack (3.2.1) lib/action_dispatch/middleware/callbacks.rb:28:in `block in call'
  activesupport (3.2.1) lib/active_support/callbacks.rb:405:in `_run__829609869__call__155663865__callbacks'
  activesupport (3.2.1) lib/active_support/callbacks.rb:405:in `__run_callback'
  activesupport (3.2.1) lib/active_support/callbacks.rb:385:in `_run_call_callbacks'
  activesupport (3.2.1) lib/active_support/callbacks.rb:81:in `run_callbacks'
  actionpack (3.2.1) lib/action_dispatch/middleware/callbacks.rb:27:in `call'
  actionpack (3.2.1) lib/action_dispatch/middleware/reloader.rb:65:in `call'
  actionpack (3.2.1) lib/action_dispatch/middleware/remote_ip.rb:31:in `call'
  actionpack (3.2.1) lib/action_dispatch/middleware/debug_exceptions.rb:16:in `call'
  actionpack (3.2.1) lib/action_dispatch/middleware/show_exceptions.rb:56:in `call'
  railties (3.2.1) lib/rails/rack/logger.rb:26:in `call_app'
  railties (3.2.1) lib/rails/rack/logger.rb:16:in `call'
  actionpack (3.2.1) lib/action_dispatch/middleware/request_id.rb:22:in `call'
  rack (1.4.1) lib/rack/methodoverride.rb:21:in `call'
  rack (1.4.1) lib/rack/runtime.rb:17:in `call'
  activesupport (3.2.1) lib/active_support/cache/strategy/local_cache.rb:72:in `call'
  rack (1.4.1) lib/rack/lock.rb:15:in `call'
  actionpack (3.2.1) lib/action_dispatch/middleware/static.rb:53:in `call'
  railties (3.2.1) lib/rails/engine.rb:479:in `call'
  railties (3.2.1) lib/rails/application.rb:220:in `call'
  rack (1.4.1) lib/rack/content_length.rb:14:in `call'
  railties (3.2.1) lib/rails/rack/log_tailer.rb:14:in `call'
  rack (1.4.1) lib/rack/handler/webrick.rb:59:in `service'
  C:/RailsInstaller/Ruby1.9.3/lib/ruby/1.9.1/webrick/httpserver.rb:138:in `service'
  C:/RailsInstaller/Ruby1.9.3/lib/ruby/1.9.1/webrick/httpserver.rb:94:in `run'
  C:/RailsInstaller/Ruby1.9.3/lib/ruby/1.9.1/webrick/server.rb:191:in `block in start_thread'


  Rendered C:/RailsInstaller/Ruby1.9.3/lib/ruby/gems/1.9.1/gems/actionpack-3.2.1/lib/action_dispatch/middleware/templates/rescues/unknown_action.erb within rescues/layout (0.0ms)


Started GET "/users/" for 127.0.0.1 at 2012-07-23 01:16:54 +0900
Processing by UsersController#index as HTML
  [1m[35mUser Load (0.0ms)[0m  SELECT "users".* FROM "users" 
Completed 406 Not Acceptable in 5ms (ActiveRecord: 1.0ms)


Started GET "/users/" for 127.0.0.1 at 2012-07-23 01:21:34 +0900
Processing by UsersController#index as HTML
  [1m[36mUser Load (0.0ms)[0m  [1mSELECT "users".* FROM "users" [0m
Completed 406 Not Acceptable in 9ms (ActiveRecord: 1.0ms)


Started GET "/users/1" for 127.0.0.1 at 2012-07-23 01:21:36 +0900
Processing by UsersController#show as HTML
  Parameters: {"id"=>"1"}
  [1m[35mUser Load (1.0ms)[0m  SELECT "users".* FROM "users" WHERE "users"."id" = ? LIMIT 1  [["id", "1"]]
Completed 406 Not Acceptable in 2ms (ActiveRecord: 1.0ms)


Started GET "/users/1" for 127.0.0.1 at 2012-07-23 01:22:16 +0900
Processing by UsersController#show as HTML
  Parameters: {"id"=>"1"}
  [1m[36mUser Load (1.0ms)[0m  [1mSELECT "users".* FROM "users" WHERE "users"."id" = ? LIMIT 1[0m  [["id", "1"]]
Completed 406 Not Acceptable in 2ms (ActiveRecord: 1.0ms)


Started GET "/users/1.json" for 127.0.0.1 at 2012-07-23 01:25:04 +0900
Processing by UsersController#show as JSON
  Parameters: {"id"=>"1"}
  [1m[35mUser Load (0.0ms)[0m  SELECT "users".* FROM "users" WHERE "users"."id" = ? LIMIT 1  [["id", "1"]]
Completed 500 Internal Server Error in 7ms

ActionView::MissingTemplate (Missing template users/show, application/show with {:locale=>[:en], :formats=>[:json], :handlers=>[:erb, :builder, :coffee]}. Searched in:
  * "C:/Users/wooram/IdeaProjects/mozldev/app/views"
):
  app/controllers/users_controller.rb:5:in `show'


  Rendered C:/RailsInstaller/Ruby1.9.3/lib/ruby/gems/1.9.1/gems/actionpack-3.2.1/lib/action_dispatch/middleware/templates/rescues/missing_template.erb within rescues/layout (1.0ms)


Started GET "/users/1.json" for 127.0.0.1 at 2012-07-23 01:26:33 +0900
Processing by UsersController#show as JSON
  Parameters: {"id"=>"1"}
  [1m[36mUser Load (0.0ms)[0m  [1mSELECT "users".* FROM "users" WHERE "users"."id" = ? LIMIT 1[0m  [["id", "1"]]
Completed 500 Internal Server Error in 10ms

ActionView::MissingTemplate (Missing template users/show, application/show with {:locale=>[:en], :formats=>[:json], :handlers=>[:erb, :builder, :coffee]}. Searched in:
  * "C:/Users/wooram/IdeaProjects/mozldev/app/views"
):
  app/controllers/users_controller.rb:5:in `show'


  Rendered C:/RailsInstaller/Ruby1.9.3/lib/ruby/gems/1.9.1/gems/actionpack-3.2.1/lib/action_dispatch/middleware/templates/rescues/missing_template.erb within rescues/layout (0.0ms)


Started GET "/users/1.json" for 127.0.0.1 at 2012-07-23 01:27:51 +0900
Processing by UsersController#show as JSON
  Parameters: {"id"=>"1"}
  [1m[35mUser Load (0.0ms)[0m  SELECT "users".* FROM "users" WHERE "users"."id" = ? LIMIT 1  [["id", "1"]]
Completed 200 OK in 29ms (Views: 9.0ms | ActiveRecord: 1.0ms)
